  [1m[35m (452.6ms)[0m  [1m[35mCREATE DATABASE "flashcards_postgres_development" ENCODING = 'unicode'[0m
  [1m[35m (289.2ms)[0m  [1m[35mCREATE DATABASE "flashcards_postgres_test" ENCODING = 'unicode'[0m
  [1m[35m (22.2ms)[0m  [1m[35mCREATE TABLE "schema_migrations" ("version" character varying NOT NULL PRIMARY KEY)[0m
  [1m[35m (24.1ms)[0m  [1m[35mCREATE TABLE "ar_internal_metadata" ("key" character varying NOT NULL PRIMARY KEY, "value" character varying, "created_at" timestamp(6) NOT NULL, "updated_at" timestamp(6) NOT NULL)[0m
  [1m[35m (0.3ms)[0m  [1m[34mSELECT pg_try_advisory_lock(1872042959241897540)[0m
  [1m[35m (0.6ms)[0m  [1m[34mSELECT "schema_migrations"."version" FROM "schema_migrations" ORDER BY "schema_migrations"."version" ASC[0m
Migrating to CreateCards (20200223232053)
  [1m[35m (0.2ms)[0m  [1m[35mBEGIN[0m
  [1m[35m (24.1ms)[0m  [1m[35mCREATE TABLE "cards" ("id" bigserial primary key, "original_text" text, "translated_text" text, "review_date" date, "created_at" timestamp(6) NOT NULL, "updated_at" timestamp(6) NOT NULL)[0m
  [1m[36mprimary::SchemaMigration Create (0.6ms)[0m  [1m[32mINSERT INTO "schema_migrations" ("version") VALUES ($1) RETURNING "version"[0m  [["version", "20200223232053"]]
  [1m[35m (1.1ms)[0m  [1m[35mCOMMIT[0m
  [1m[36mActiveRecord::InternalMetadata Load (0.6ms)[0m  [1m[34mSELECT "ar_internal_metadata".* FROM "ar_internal_metadata" WHERE "ar_internal_metadata"."key" = $1 LIMIT $2[0m  [["key", "environment"], ["LIMIT", 1]]
  [1m[35m (0.3ms)[0m  [1m[35mBEGIN[0m
  [1m[36mActiveRecord::InternalMetadata Create (0.7ms)[0m  [1m[32mINSERT INTO "ar_internal_metadata" ("key", "value", "created_at", "updated_at") VALUES ($1, $2, $3, $4) RETURNING "key"[0m  [["key", "environment"], ["value", "development"], ["created_at", "2020-02-23 23:21:34.726766"], ["updated_at", "2020-02-23 23:21:34.726766"]]
  [1m[35m (10.2ms)[0m  [1m[35mCOMMIT[0m
  [1m[35m (0.3ms)[0m  [1m[34mSELECT pg_advisory_unlock(1872042959241897540)[0m
  [1m[35m (0.6ms)[0m  [1m[34mSELECT "schema_migrations"."version" FROM "schema_migrations" ORDER BY "schema_migrations"."version" ASC[0m
  [1m[35m (0.3ms)[0m  [1m[35mBEGIN[0m
  [1m[36mCard Create (1.6ms)[0m  [1m[32mINSERT INTO "cards" ("original_text", "translated_text", "review_date", "created_at", "updated_at") VALUES ($1, $2, $3, $4, $5) RETURNING "id"[0m  [["original_text", "Кот"], ["translated_text", "Cat"], ["review_date", "2020-01-23"], ["created_at", "2020-02-23 23:22:34.908550"], ["updated_at", "2020-02-23 23:22:34.908550"]]
  [1m[35m (2.8ms)[0m  [1m[35mCOMMIT[0m
  [1m[35m (0.3ms)[0m  [1m[35mBEGIN[0m
  [1m[36mCard Create (0.6ms)[0m  [1m[32mINSERT INTO "cards" ("original_text", "translated_text", "review_date", "created_at", "updated_at") VALUES ($1, $2, $3, $4, $5) RETURNING "id"[0m  [["original_text", "Собака"], ["translated_text", "Dog"], ["review_date", "2020-01-24"], ["created_at", "2020-02-23 23:24:10.541435"], ["updated_at", "2020-02-23 23:24:10.541435"]]
  [1m[35m (1.1ms)[0m  [1m[35mCOMMIT[0m
  [1m[35m (0.5ms)[0m  [1m[35mBEGIN[0m
  [1m[36mCard Create (0.6ms)[0m  [1m[32mINSERT INTO "cards" ("original_text", "translated_text", "review_date", "created_at", "updated_at") VALUES ($1, $2, $3, $4, $5) RETURNING "id"[0m  [["original_text", "Курица"], ["translated_text", "Сhicken"], ["review_date", "2020-01-25"], ["created_at", "2020-02-23 23:25:21.471031"], ["updated_at", "2020-02-23 23:25:21.471031"]]
  [1m[35m (2.7ms)[0m  [1m[35mCOMMIT[0m
  [1m[36mCard Load (0.5ms)[0m  [1m[34mSELECT "cards".* FROM "cards" LIMIT $1[0m  [["LIMIT", 11]]
  [1m[35m (2.3ms)[0m  [1m[34mSELECT COUNT(*) FROM "cards"[0m
Started GET "/" for 127.0.0.1 at 2020-02-24 02:32:58 +0300
  [1m[35m (1.0ms)[0m  [1m[34mSELECT "schema_migrations"."version" FROM "schema_migrations" ORDER BY "schema_migrations"."version" ASC[0m
Processing by HomeController#index as HTML
  Rendering home/index.html.erb within layouts/application
  Rendered home/index.html.erb within layouts/application (Duration: 2.2ms | Allocations: 305)
[Webpacker] Compiling...
[Webpacker] Compiled all packs in /home/lostmind/rails/work_git/public/packs
[Webpacker] Hash: 32e57f147dbdcbbf0c82
Version: webpack 4.41.6
Time: 2582ms
Built at: 2020-02-24 2:33:03
                                     Asset       Size       Chunks                         Chunk Names
    js/application-bbe9c4a129ab949e0636.js    124 KiB  application  [emitted] [immutable]  application
js/application-bbe9c4a129ab949e0636.js.map    139 KiB  application  [emitted] [dev]        application
                             manifest.json  364 bytes               [emitted]              
Entrypoint application = js/application-bbe9c4a129ab949e0636.js js/application-bbe9c4a129ab949e0636.js.map
[./app/javascript/channels sync recursive _channel\.js$] ./app/javascript/channels sync _channel\.js$ 160 bytes {application} [built]
[./app/javascript/channels/index.js] 211 bytes {application} [built]
[./app/javascript/packs/application.js] 749 bytes {application} [built]
[./node_modules/webpack/buildin/module.js] (webpack)/buildin/module.js 552 bytes {application} [built]
    + 3 hidden modules

Completed 200 OK in 4645ms (Views: 4630.7ms | ActiveRecord: 0.0ms | Allocations: 22030)


Started GET "/cards" for 127.0.0.1 at 2020-02-24 02:33:05 +0300
Processing by CardsController#index as HTML
  Rendering cards/index.html.erb within layouts/application
  [1m[36mCard Load (0.8ms)[0m  [1m[34mSELECT "cards".* FROM "cards"[0m
  ↳ app/views/cards/index.html.erb:12:in `each_with_index'
  Rendered cards/index.html.erb within layouts/application (Duration: 18.8ms | Allocations: 4281)
[Webpacker] Everything's up-to-date. Nothing to do
Completed 200 OK in 32ms (Views: 23.8ms | ActiveRecord: 5.0ms | Allocations: 9139)


Started GET "/" for 127.0.0.1 at 2020-02-24 02:33:33 +0300
Processing by HomeController#index as HTML
  Rendering home/index.html.erb within layouts/application
  Rendered home/index.html.erb within layouts/application (Duration: 0.1ms | Allocations: 4)
[Webpacker] Everything's up-to-date. Nothing to do
Completed 200 OK in 7ms (Views: 6.5ms | ActiveRecord: 0.0ms | Allocations: 3932)


